{
"src\\index.ts":{"path":"src\\index.ts","statementMap":{"1":{"start":{"line":1,"column":0},"end":{"line":1,"column":25}},"2":{"start":{"line":2,"column":0},"end":{"line":2,"column":25}},"3":{"start":{"line":3,"column":0},"end":{"line":3,"column":33}}},"fnMap":{},"branchMap":{},"s":{"1":1,"2":1,"3":1},"b":{},"f":{},"l":{"1":1,"2":1,"3":1}},
"src\\helper.ts":{"path":"src\\helper.ts","statementMap":{"1":{"start":{"line":1,"column":0},"end":{"line":1,"column":46}},"2":{"start":{"line":6,"column":0},"end":{"line":null,"column":-1}},"3":{"start":{"line":10,"column":9},"end":{"line":12,"column":3}},"4":{"start":{"line":11,"column":4},"end":{"line":11,"column":29}},"5":{"start":{"line":14,"column":9},"end":{"line":34,"column":3}},"6":{"start":{"line":16,"column":22},"end":{"line":16,"column":24}},"7":{"start":{"line":18,"column":4},"end":{"line":20,"column":5}},"8":{"start":{"line":19,"column":6},"end":{"line":19,"column":23}},"9":{"start":{"line":22,"column":4},"end":{"line":24,"column":5}},"10":{"start":{"line":23,"column":6},"end":{"line":23,"column":25}},"11":{"start":{"line":26,"column":19},"end":{"line":26,"column":33}},"12":{"start":{"line":28,"column":4},"end":{"line":31,"column":5}},"13":{"start":{"line":28,"column":20},"end":{"line":28,"column":19}},"14":{"start":{"line":29,"column":22},"end":{"line":29,"column":38}},"15":{"start":{"line":30,"column":6},"end":{"line":30,"column":81}},"16":{"start":{"line":33,"column":4},"end":{"line":33,"column":21}},"17":{"start":{"line":36,"column":9},"end":{"line":54,"column":3}},"18":{"start":{"line":40,"column":4},"end":{"line":45,"column":5}},"19":{"start":{"line":41,"column":6},"end":{"line":41,"column":48}},"20":{"start":{"line":43,"column":6},"end":{"line":43,"column":40}},"21":{"start":{"line":44,"column":6},"end":{"line":44,"column":46}},"22":{"start":{"line":47,"column":29},"end":{"line":51,"column":5}},"23":{"start":{"line":53,"column":4},"end":{"line":53,"column":22}},"24":{"start":{"line":56,"column":9},"end":{"line":58,"column":3}},"25":{"start":{"line":57,"column":4},"end":{"line":57,"column":66}},"26":{"start":{"line":63,"column":9},"end":{"line":83,"column":3}},"27":{"start":{"line":65,"column":23},"end":{"line":65,"column":51}},"28":{"start":{"line":67,"column":29},"end":{"line":67,"column":57}},"29":{"start":{"line":68,"column":4},"end":{"line":68,"column":24}},"30":{"start":{"line":70,"column":50},"end":{"line":70,"column":52}},"31":{"start":{"line":72,"column":4},"end":{"line":80,"column":5}},"32":{"start":{"line":72,"column":22},"end":{"line":72,"column":21}},"33":{"start":{"line":74,"column":27},"end":{"line":74,"column":68}},"34":{"start":{"line":76,"column":6},"end":{"line":79,"column":7}},"35":{"start":{"line":77,"column":8},"end":{"line":77,"column":63}},"36":{"start":{"line":78,"column":8},"end":{"line":78,"column":72}},"37":{"start":{"line":82,"column":4},"end":{"line":82,"column":29}},"38":{"start":{"line":85,"column":17},"end":{"line":98,"column":3}},"39":{"start":{"line":87,"column":19},"end":{"line":87,"column":49}},"40":{"start":{"line":88,"column":17},"end":{"line":88,"column":46}},"41":{"start":{"line":89,"column":17},"end":{"line":89,"column":29}},"42":{"start":{"line":91,"column":4},"end":{"line":95,"column":5}},"43":{"start":{"line":92,"column":6},"end":{"line":94,"column":7}},"44":{"start":{"line":93,"column":8},"end":{"line":93,"column":67}},"45":{"start":{"line":97,"column":4},"end":{"line":97,"column":19}},"46":{"start":{"line":100,"column":0},"end":{"line":100,"column":1}},"47":{"start":{"line":8,"column":17},"end":{"line":8,"column":56}},"48":{"start":{"line":6,"column":13},"end":{"line":6,"column":25}}},"fnMap":{"1":{"name":"(anonymous_0)","line":6,"loc":{"start":{"line":6,"column":0},"end":{"line":6,"column":-1}}},"2":{"name":"RouterHelper","line":6,"loc":{"start":{"line":6,"column":0},"end":{"line":100,"column":1}}},"3":{"name":"(anonymous_2)","line":10,"loc":{"start":{"line":10,"column":35},"end":{"line":12,"column":3}}},"4":{"name":"(anonymous_3)","line":14,"loc":{"start":{"line":14,"column":32},"end":{"line":34,"column":3}}},"5":{"name":"(anonymous_4)","line":36,"loc":{"start":{"line":36,"column":31},"end":{"line":54,"column":3}}},"6":{"name":"(anonymous_5)","line":56,"loc":{"start":{"line":56,"column":32},"end":{"line":58,"column":3}}},"7":{"name":"(anonymous_6)","line":63,"loc":{"start":{"line":63,"column":66},"end":{"line":83,"column":3}}},"8":{"name":"(anonymous_7)","line":85,"loc":{"start":{"line":85,"column":67},"end":{"line":98,"column":3}}}},"branchMap":{"1":{"line":18,"type":"if","locations":[{"start":{"line":18,"column":4},"end":{"line":20,"column":5}},{"start":{"line":18,"column":4},"end":{"line":20,"column":5}}]},"2":{"line":22,"type":"if","locations":[{"start":{"line":22,"column":4},"end":{"line":24,"column":5}},{"start":{"line":22,"column":4},"end":{"line":24,"column":5}}]},"3":{"line":40,"type":"if","locations":[{"start":{"line":40,"column":4},"end":{"line":45,"column":5}},{"start":{"line":40,"column":4},"end":{"line":45,"column":5}}]},"4":{"line":76,"type":"if","locations":[{"start":{"line":76,"column":6},"end":{"line":79,"column":7}},{"start":{"line":76,"column":6},"end":{"line":79,"column":7}}]},"5":{"line":88,"type":"cond-expr","locations":[{"start":{"line":88,"column":26},"end":{"line":88,"column":41}},{"start":{"line":88,"column":44},"end":{"line":88,"column":46}}]},"6":{"line":92,"type":"if","locations":[{"start":{"line":92,"column":6},"end":{"line":94,"column":7}},{"start":{"line":92,"column":6},"end":{"line":94,"column":7}}]}},"s":{"1":1,"2":1,"3":1,"4":14,"5":1,"6":20,"7":20,"8":6,"9":14,"10":14,"11":14,"12":14,"13":28,"14":28,"15":28,"16":14,"17":1,"18":20,"19":0,"20":20,"21":20,"22":20,"23":20,"24":1,"25":21,"26":1,"27":10,"28":10,"29":10,"30":10,"31":10,"32":14,"33":14,"34":14,"35":13,"36":13,"37":10,"38":1,"39":13,"40":13,"41":13,"42":13,"43":17,"44":17,"45":13,"46":1,"47":1,"48":1},"b":{"1":[6,14],"2":[14,0],"3":[0,20],"4":[13,1],"5":[13,0],"6":[17,0]},"f":{"1":1,"2":0,"3":14,"4":20,"5":20,"6":21,"7":10,"8":13},"l":{"1":1,"6":1,"8":1,"10":1,"11":14,"14":1,"16":20,"18":20,"19":6,"22":14,"23":14,"26":14,"28":28,"29":28,"30":28,"33":14,"36":1,"40":20,"41":0,"43":20,"44":20,"47":20,"53":20,"56":1,"57":21,"63":1,"65":10,"67":10,"68":10,"70":10,"72":14,"74":14,"76":14,"77":13,"78":13,"82":10,"85":1,"87":13,"88":13,"89":13,"91":13,"92":17,"93":17,"97":13,"100":1}},
"src\\router.ts":{"path":"src\\router.ts","statementMap":{"1":{"start":{"line":1,"column":0},"end":{"line":1,"column":78}},"2":{"start":{"line":3,"column":0},"end":{"line":41,"column":0}},"3":{"start":{"line":8,"column":22},"end":{"line":8,"column":35}},"4":{"start":{"line":5,"column":10},"end":{"line":5,"column":35}},"5":{"start":{"line":9,"column":4},"end":{"line":9,"column":40}},"6":{"start":{"line":12,"column":2},"end":{"line":16,"column":3}},"7":{"start":{"line":13,"column":20},"end":{"line":13,"column":53}},"8":{"start":{"line":14,"column":4},"end":{"line":14,"column":46}},"9":{"start":{"line":15,"column":4},"end":{"line":15,"column":16}},"10":{"start":{"line":18,"column":12},"end":{"line":39,"column":3}},"11":{"start":{"line":18,"column":2},"end":{"line":39,"column":2}},"12":{"start":{"line":20,"column":26},"end":{"line":20,"column":83}},"13":{"start":{"line":22,"column":16},"end":{"line":22,"column":17}},"14":{"start":{"line":25,"column":17},"end":{"line":36,"column":5}},"15":{"start":{"line":27,"column":6},"end":{"line":29,"column":7}},"16":{"start":{"line":28,"column":8},"end":{"line":28,"column":15}},"17":{"start":{"line":31,"column":22},"end":{"line":31,"column":42}},"18":{"start":{"line":33,"column":6},"end":{"line":33,"column":14}},"19":{"start":{"line":35,"column":6},"end":{"line":35,"column":56}},"20":{"start":{"line":38,"column":4},"end":{"line":38,"column":11}},"21":{"start":{"line":41,"column":0},"end":{"line":41,"column":1}},"22":{"start":{"line":3,"column":22},"end":{"line":3,"column":28}}},"fnMap":{"1":{"name":"(anonymous_0)","line":3,"loc":{"start":{"line":3,"column":0},"end":{"line":3,"column":-1}}},"2":{"name":"Router","line":8,"loc":{"start":{"line":8,"column":35},"end":{"line":10,"column":3}}},"3":{"name":"(anonymous_2)","line":12,"loc":{"start":{"line":12,"column":45},"end":{"line":16,"column":3}}},"4":{"name":"(anonymous_3)","line":18,"loc":{"start":{"line":18,"column":36},"end":{"line":39,"column":3}}},"5":{"name":"(anonymous_4)","line":25,"loc":{"start":{"line":25,"column":17},"end":{"line":36,"column":5}}}},"branchMap":{"1":{"line":27,"type":"if","locations":[{"start":{"line":27,"column":6},"end":{"line":29,"column":7}},{"start":{"line":27,"column":6},"end":{"line":29,"column":7}}]}},"s":{"1":1,"2":1,"3":10,"4":10,"5":10,"6":1,"7":14,"8":14,"9":14,"10":1,"11":10,"12":10,"13":10,"14":10,"15":13,"16":0,"17":13,"18":13,"19":13,"20":10,"21":1,"22":1},"b":{"1":[0,13]},"f":{"1":1,"2":10,"3":14,"4":10,"5":13},"l":{"1":1,"3":1,"5":10,"8":10,"9":10,"12":1,"13":14,"14":14,"15":14,"18":10,"20":10,"22":10,"25":10,"27":13,"28":0,"31":13,"33":13,"35":13,"38":10,"41":1}},
"src\\browser-router.ts":{"path":"src\\browser-router.ts","statementMap":{"1":{"start":{"line":1,"column":0},"end":{"line":1,"column":50}},"2":{"start":{"line":3,"column":0},"end":{"line":3,"column":41}},"3":{"start":{"line":3,"column":35},"end":{"line":3,"column":41}},"4":{"start":{"line":7,"column":14},"end":{"line":7,"column":65}},"5":{"start":{"line":7,"column":2},"end":{"line":16,"column":2}},"6":{"start":{"line":9,"column":4},"end":{"line":11,"column":5}},"7":{"start":{"line":10,"column":6},"end":{"line":10,"column":44}},"8":{"start":{"line":13,"column":4},"end":{"line":13,"column":16}},"9":{"start":{"line":15,"column":4},"end":{"line":15,"column":58}},"10":{"start":{"line":18,"column":9},"end":{"line":33,"column":3}},"11":{"start":{"line":20,"column":4},"end":{"line":22,"column":5}},"12":{"start":{"line":21,"column":6},"end":{"line":21,"column":70}},"13":{"start":{"line":24,"column":4},"end":{"line":24,"column":38}},"14":{"start":{"line":26,"column":15},"end":{"line":26,"column":45}},"15":{"start":{"line":28,"column":4},"end":{"line":30,"column":5}},"16":{"start":{"line":29,"column":6},"end":{"line":29,"column":61}},"17":{"start":{"line":32,"column":4},"end":{"line":32,"column":27}},"18":{"start":{"line":38,"column":2},"end":{"line":40,"column":3}},"19":{"start":{"line":39,"column":4},"end":{"line":39,"column":61}},"20":{"start":{"line":42,"column":2},"end":{"line":45,"column":3}},"21":{"start":{"line":43,"column":17},"end":{"line":43,"column":63}},"22":{"start":{"line":44,"column":4},"end":{"line":44,"column":42}},"23":{"start":{"line":47,"column":2},"end":{"line":50,"column":3}},"24":{"start":{"line":48,"column":4},"end":{"line":48,"column":38}},"25":{"start":{"line":49,"column":4},"end":{"line":49,"column":27}},"26":{"start":{"line":52,"column":12},"end":{"line":55,"column":3}},"27":{"start":{"line":53,"column":4},"end":{"line":53,"column":28}},"28":{"start":{"line":54,"column":4},"end":{"line":54,"column":28}},"29":{"start":{"line":57,"column":10},"end":{"line":60,"column":3}},"30":{"start":{"line":58,"column":17},"end":{"line":58,"column":31}},"31":{"start":{"line":59,"column":4},"end":{"line":59,"column":27}},"32":{"start":{"line":62,"column":0},"end":{"line":62,"column":1}},"33":{"start":{"line":3,"column":13},"end":{"line":3,"column":26}}},"fnMap":{"1":{"name":"(anonymous_5)","line":3,"loc":{"start":{"line":3,"column":0},"end":{"line":3,"column":-1}}},"2":{"name":"BrowserRouter","line":7,"loc":{"start":{"line":7,"column":65},"end":{"line":16,"column":3}}},"3":{"name":"(anonymous_7)","line":18,"loc":{"start":{"line":18,"column":52},"end":{"line":33,"column":3}}},"4":{"name":"(anonymous_8)","line":38,"loc":{"start":{"line":38,"column":2},"end":{"line":40,"column":3}}},"5":{"name":"(anonymous_9)","line":42,"loc":{"start":{"line":42,"column":2},"end":{"line":45,"column":3}}},"6":{"name":"(anonymous_10)","line":47,"loc":{"start":{"line":47,"column":19},"end":{"line":50,"column":3}}},"7":{"name":"(anonymous_11)","line":52,"loc":{"start":{"line":52,"column":36},"end":{"line":55,"column":3}}},"8":{"name":"(anonymous_12)","line":57,"loc":{"start":{"line":57,"column":2},"end":{"line":60,"column":3}}}},"branchMap":{"1":{"line":7,"type":"if","locations":[{"start":{"line":7,"column":14},"end":{"line":7,"column":65}},{"start":{"line":7,"column":14},"end":{"line":7,"column":65}}]},"2":{"line":9,"type":"if","locations":[{"start":{"line":9,"column":4},"end":{"line":11,"column":5}},{"start":{"line":9,"column":4},"end":{"line":11,"column":5}}]},"3":{"line":13,"type":"binary-expr","locations":[{"start":{"line":13,"column":4},"end":{"line":13,"column":15}},{"start":{"line":13,"column":15},"end":{"line":13,"column":15}}]},"4":{"line":20,"type":"if","locations":[{"start":{"line":20,"column":4},"end":{"line":22,"column":5}},{"start":{"line":20,"column":4},"end":{"line":22,"column":5}}]},"5":{"line":28,"type":"if","locations":[{"start":{"line":28,"column":4},"end":{"line":30,"column":5}},{"start":{"line":28,"column":4},"end":{"line":30,"column":5}}]}},"s":{"1":1,"2":1,"3":1,"4":20,"5":10,"6":10,"7":0,"8":10,"9":10,"10":1,"11":2,"12":0,"13":2,"14":2,"15":2,"16":0,"17":2,"18":1,"19":10,"20":1,"21":1,"22":1,"23":1,"24":10,"25":10,"26":1,"27":10,"28":10,"29":1,"30":0,"31":0,"32":1,"33":1},"b":{"1":[10,0],"2":[0,10],"3":[10,10],"4":[0,2],"5":[0,2]},"f":{"1":1,"2":10,"3":2,"4":10,"5":1,"6":10,"7":10,"8":0},"l":{"1":1,"3":1,"7":20,"9":10,"10":0,"13":10,"15":10,"18":1,"20":2,"21":0,"24":2,"26":2,"28":2,"29":0,"32":2,"38":1,"39":10,"42":1,"43":1,"44":1,"47":1,"48":10,"49":10,"52":1,"53":10,"54":10,"57":1,"58":0,"59":0,"62":1}}}
